<?xml version="1.0" encoding="UTF-8"?>
<testsuites tests="6" failures="0" disabled="0" errors="0" time="0" timestamp="2026-09-11T12:00:42" name="AllTests">
  <testsuite name="ImuPreintegrator" tests="3" failures="0" disabled="0" errors="0" time="0" timestamp="2026-09-11T12:00:42">
    <testcase name="StaticZeroVelocity" status="run" result="completed" time="0" timestamp="2026-09-11T12:00:42" classname="ImuPreintegrator" />
    <testcase name="ForwardAcceleration" status="run" result="completed" time="0" timestamp="2026-09-11T12:00:42" classname="ImuPreintegrator" />
    <testcase name="UsesCallerGravityVector" status="run" result="completed" time="0" timestamp="2026-09-11T12:00:42" classname="ImuPreintegrator" />
  </testsuite>
  <testsuite name="ImuSync" tests="2" failures="0" disabled="0" errors="0" time="0" timestamp="2026-09-11T12:00:42">
    <testcase name="InterpolateImu" status="run" result="completed" time="0" timestamp="2026-09-11T12:00:42" classname="ImuSync" />
    <testcase name="IntegrateBetween" status="run" result="completed" time="0" timestamp="2026-09-11T12:00:42" classname="ImuSync" />
  </testsuite>
  <testsuite name="ImuPreintegration" tests="1" failures="0" disabled="0" errors="0" time="0" timestamp="2026-09-11T12:00:42">
    <testcase name="A14ExplicitModelAndLegacyDefaultIdentity" status="run" result="completed" time="0" timestamp="2026-09-11T12:00:42" classname="ImuPreintegration" />
  </testsuite>
</testsuites>
