<?xml version="1.0" encoding="UTF-8"?>
<testsuites tests="3" failures="0" disabled="0" errors="0" time="0" timestamp="2026-09-11T12:00:42" name="AllTests">
  <testsuite name="OutlierFilter" tests="3" failures="0" disabled="0" errors="0" time="0" timestamp="2026-09-11T12:00:42">
    <testcase name="NLOSRejection" status="run" result="completed" time="0" timestamp="2026-09-11T12:00:42" classname="OutlierFilter" />
    <testcase name="RangeBounds" status="run" result="completed" time="0" timestamp="2026-09-11T12:00:42" classname="OutlierFilter" />
    <testcase name="ConsistencyCheck" status="run" result="completed" time="0" timestamp="2026-09-11T12:00:42" classname="OutlierFilter" />
  </testsuite>
</testsuites>
