<?xml version="1.0" encoding="UTF-8"?>
<testsuites tests="6" failures="0" disabled="0" errors="0" time="0" timestamp="2026-09-11T12:00:42" name="AllTests">
  <testsuite name="UwbFactor" tests="6" failures="0" disabled="0" errors="0" time="0" timestamp="2026-09-11T12:00:42">
    <testcase name="AllCalibOff_OnlyPoseKey" status="run" result="completed" time="0" timestamp="2026-09-11T12:00:42" classname="UwbFactor" />
    <testcase name="AllCalibOn_FourKeys" status="run" result="completed" time="0" timestamp="2026-09-11T12:00:42" classname="UwbFactor" />
    <testcase name="ResidualValue" status="run" result="completed" time="0" timestamp="2026-09-11T12:00:42" classname="UwbFactor" />
    <testcase name="WithBiasResidual" status="run" result="completed" time="0" timestamp="2026-09-11T12:00:42" classname="UwbFactor" />
    <testcase name="FixedBetaUsesRawMeasurementWithoutOnlineKey" status="run" result="completed" time="0" timestamp="2026-09-11T12:00:42" classname="UwbFactor" />
    <testcase name="RejectsFixedAndOnlineBiasTogether" status="run" result="completed" time="0" timestamp="2026-09-11T12:00:42" classname="UwbFactor" />
  </testsuite>
</testsuites>
