<?xml version="1.0" encoding="UTF-8"?>
<testsuites tests="5" failures="0" disabled="0" errors="0" time="0.001" timestamp="2026-09-11T12:00:43" name="AllTests">
  <testsuite name="PaperMethods" tests="5" failures="0" disabled="0" errors="0" time="0.001" timestamp="2026-09-11T12:00:43">
    <testcase name="RegistryContainsEveryContractModeExactlyOnce" status="run" result="completed" time="0" timestamp="2026-09-11T12:00:43" classname="PaperMethods" />
    <testcase name="PolicyEqualityPassesForAllComparators" status="run" result="completed" time="0" timestamp="2026-09-11T12:00:43" classname="PaperMethods" />
    <testcase name="RequiredScoreAndIneligibleAreSuppressed" status="run" result="completed" time="0" timestamp="2026-09-11T12:00:43" classname="PaperMethods" />
    <testcase name="FinalEnginePoliciesUseTheSameRequiredPredicates" status="run" result="completed" time="0" timestamp="2026-09-11T12:00:43" classname="PaperMethods" />
    <testcase name="FixedRejectionIsSingleFrozenMaskWithEqualityRetained" status="run" result="completed" time="0.001" timestamp="2026-09-11T12:00:43" classname="PaperMethods" />
  </testsuite>
</testsuites>
