<?xml version="1.0" encoding="UTF-8"?>
<testsuites tests="7" failures="0" disabled="0" errors="0" time="0.01" timestamp="2026-09-11T12:00:43" name="AllTests">
  <testsuite name="T07Scenario" tests="7" failures="0" disabled="0" errors="0" time="0.01" timestamp="2026-09-11T12:00:43">
    <testcase name="ConservesBasePlusInjectedComponentAndUsesHalfOpenWindows" status="run" result="completed" time="0" timestamp="2026-09-11T12:00:43" classname="T07Scenario" />
    <testcase name="PrefixAllowsZeroMatchesAndCommonHistoryIsIdentical" status="run" result="completed" time="0" timestamp="2026-09-11T12:00:43" classname="T07Scenario" />
    <testcase name="FullBaseRejectsZeroOrChangedFrozenCounts" status="run" result="completed" time="0" timestamp="2026-09-11T12:00:43" classname="T07Scenario" />
    <testcase name="CacheRoundTripLocksIdentityUnitsAndNeedsNoRecipe" status="run" result="completed" time="0.005" timestamp="2026-09-11T12:00:43" classname="T07Scenario" />
    <testcase name="OutputRootsRejectPhysicalAliasesAndOverlap" status="run" result="completed" time="0" timestamp="2026-09-11T12:00:43" classname="T07Scenario" />
    <testcase name="OutputFailureRemovesOwnedStagingAndLeavesNoCache" status="run" result="completed" time="0.001" timestamp="2026-09-11T12:00:43" classname="T07Scenario" />
    <testcase name="SemanticRehashCannotHideNoncanonicalPayloadOrder" status="run" result="completed" time="0.004" timestamp="2026-09-11T12:00:43" classname="T07Scenario" />
  </testsuite>
</testsuites>
