<?xml version="1.0" encoding="UTF-8"?>
<testsuites tests="12" failures="0" disabled="0" errors="0" time="0.009" timestamp="2026-09-11T12:00:42" name="AllTests">
  <testsuite name="ConfigLoader" tests="12" failures="0" disabled="0" errors="0" time="0.009" timestamp="2026-09-11T12:00:42">
    <testcase name="LoadSampleYaml" status="run" result="completed" time="0" timestamp="2026-09-11T12:00:42" classname="ConfigLoader" />
    <testcase name="ConditionalNavigationPolicyRejectsUnknownAndNonAutomaticUse" status="run" result="completed" time="0.003" timestamp="2026-09-11T12:00:42" classname="ConfigLoader" />
    <testcase name="McdDatasetInterface" status="run" result="completed" time="0" timestamp="2026-09-11T12:00:42" classname="ConfigLoader" />
    <testcase name="T07CacheInterfaceIsStrictAndUsesSensorTimeWindow" status="run" result="completed" time="0.001" timestamp="2026-09-11T12:00:42" classname="ConfigLoader" />
    <testcase name="DefaultValues" status="run" result="completed" time="0" timestamp="2026-09-11T12:00:42" classname="ConfigLoader" />
    <testcase name="RecoverabilityScoreIsExplicitOptIn" status="run" result="completed" time="0" timestamp="2026-09-11T12:00:42" classname="ConfigLoader" />
    <testcase name="T08GateRequiresExplicitFiniteDevelopmentValues" status="run" result="completed" time="0.001" timestamp="2026-09-11T12:00:42" classname="ConfigLoader" />
    <testcase name="AutomaticDiscoveryParametersAreExplicitAndOracleIsForbidden" status="run" result="completed" time="0.001" timestamp="2026-09-11T12:00:42" classname="ConfigLoader" />
    <testcase name="FixedBetaByLink" status="run" result="completed" time="0.001" timestamp="2026-09-11T12:00:42" classname="ConfigLoader" />
    <testcase name="FixedAndOnlineBetaConflict" status="run" result="completed" time="0" timestamp="2026-09-11T12:00:42" classname="ConfigLoader" />
    <testcase name="FixedBetaLinkKeyMustBeCanonical" status="run" result="completed" time="0.001" timestamp="2026-09-11T12:00:42" classname="ConfigLoader" />
    <testcase name="A14ExplicitImuModelOnly" status="run" result="completed" time="0.001" timestamp="2026-09-11T12:00:42" classname="ConfigLoader" />
  </testsuite>
</testsuites>
